<?xml version="1.0" encoding="UTF-8"?>
<!-- Generated by org.testng.reporters.JUnitReportReporter -->
<testsuite skipped="0" hostname="LEN-INV402" name="demo.closedInspection" tests="1" failures="0" timestamp="29 ago 2018 16:30:23 GMT" time="87.262" errors="0">
  <testcase name="launchApplication" time="87.262" classname="demo.closedInspection"/>
</testsuite> <!-- demo.closedInspection -->
