<?xml version="1.0" encoding="UTF-8"?>
<!-- Generated by org.testng.reporters.JUnitReportReporter -->
<testsuite skipped="0" hostname="DESKTOP-UBTFDHC" name="demo.Ryanair_Demo" tests="1" failures="0" timestamp="24 feb 2019 12:49:31 GMT" time="208.253" errors="0">
  <testcase name="launchApplication" time="208.253" classname="demo.Ryanair_Demo"/>
</testsuite> <!-- demo.Ryanair_Demo -->
