<?xml version="1.0" encoding="UTF-8"?>
<!-- Generated by org.testng.reporters.JUnitReportReporter -->
<testsuite skipped="0" hostname="LEN-INV402" name="demo.loopDemo" tests="2" failures="0" timestamp="09 ago 2018 10:31:24 GMT" time="1908.364" errors="2">
  <testcase name="launchApplication" time="1907.350" classname="demo.loopDemo">
    <error type="org.openqa.selenium.remote.UnreachableBrowserException" message="Error communicating with the remote browser. It may have died.
Build info: version: &#039;2.53.1&#039;, revision: &#039;a36b8b1cd5757287168e54b817830adce9b0158d&#039;, time: &#039;2016-06-30 19:26:09&#039;
System info: host: &#039;LEN-INV402&#039;, ip: &#039;172.30.30.117&#039;, os.name: &#039;Windows 10&#039;, os.arch: &#039;amd64&#039;, os.version: &#039;10.0&#039;, java.version: &#039;1.8.0_181&#039;
Driver info: driver.version: AppiumDriver
Capabilities [{appPackage=com.optiva.horeca.develop, deviceScreenSize=1080x2160, networkConnectionEnabled=true, warnings={}, databaseEnabled=false, deviceName=3RP4C17C04000811, platform=LINUX, deviceUDID=3RP4C17C04000811, appActivity=com.apploading.horeca.screens.splash.SplashActivity, desired={appPackage=com.optiva.horeca.develop, appActivity=com.apploading.horeca.screens.splash.SplashActivity, platformVersion=7.0, autoGrantPermissions=true, udid=3RP4C17C04000811, platformName=Android, deviceName=Honor 7X}, platformVersion=7.0, webStorageEnabled=false, locationContextEnabled=false, takesScreenshot=true, autoGrantPermissions=true, javascriptEnabled=true, deviceModel=BND-L21, udid=3RP4C17C04000811, platformName=Android, deviceManufacturer=HUAWEI}]
Session ID: 35a48edb-79aa-4024-8a0d-d69e803188f7">
      <![CDATA[org.openqa.selenium.remote.UnreachableBrowserException: Error communicating with the remote browser. It may have died.Build info: version: '2.53.1', revision: 'a36b8b1cd5757287168e54b817830adce9b0158d', time: '2016-06-30 19:26:09'System info: host: 'LEN-INV402', ip: '172.30.30.117', os.name: 'Windows 10', os.arch: 'amd64', os.version: '10.0', java.version: '1.8.0_181'Driver info: driver.version: AppiumDriverCapabilities [{appPackage=com.optiva.horeca.develop, deviceScreenSize=1080x2160, networkConnectionEnabled=true, warnings={}, databaseEnabled=false, deviceName=3RP4C17C04000811, platform=LINUX, deviceUDID=3RP4C17C04000811, appActivity=com.apploading.horeca.screens.splash.SplashActivity, desired={appPackage=com.optiva.horeca.develop, appActivity=com.apploading.horeca.screens.splash.SplashActivity, platformVersion=7.0, autoGrantPermissions=true, udid=3RP4C17C04000811, platformName=Android, deviceName=Honor 7X}, platformVersion=7.0, webStorageEnabled=false, locationContextEnabled=false, takesScreenshot=true, autoGrantPermissions=true, javascriptEnabled=true, deviceModel=BND-L21, udid=3RP4C17C04000811, platformName=Android, deviceManufacturer=HUAWEI}]Session ID: 35a48edb-79aa-4024-8a0d-d69e803188f7at org.openqa.selenium.remote.RemoteWebDriver.execute(RemoteWebDriver.java:665)at io.appium.java_client.DefaultGenericMobileDriver.execute(DefaultGenericMobileDriver.java:40)at io.appium.java_client.AppiumDriver.execute(AppiumDriver.java:235)at org.openqa.selenium.remote.RemoteWebDriver$RemoteNavigation.back(RemoteWebDriver.java:961)at demo.driver.loop(driver.java:570)at demo.loopDemo.launchApplication(loopDemo.java:40)at sun.reflect.NativeMethodAccessorImpl.invoke0(Native Method)at sun.reflect.NativeMethodAccessorImpl.invoke(Unknown Source)at sun.reflect.DelegatingMethodAccessorImpl.invoke(Unknown Source)at java.lang.reflect.Method.invoke(Unknown Source)at org.testng.internal.MethodInvocationHelper.invokeMethod(MethodInvocationHelper.java:124)at org.testng.internal.Invoker.invokeMethod(Invoker.java:571)at org.testng.internal.Invoker.invokeTestMethod(Invoker.java:707)at org.testng.internal.Invoker.invokeTestMethods(Invoker.java:979)at org.testng.internal.TestMethodWorker.invokeTestMethods(TestMethodWorker.java:125)at org.testng.internal.TestMethodWorker.run(TestMethodWorker.java:109)at org.testng.TestRunner.privateRun(TestRunner.java:648)at org.testng.TestRunner.run(TestRunner.java:505)at org.testng.SuiteRunner.runTest(SuiteRunner.java:455)at org.testng.SuiteRunner.runSequentially(SuiteRunner.java:450)at org.testng.SuiteRunner.privateRun(SuiteRunner.java:415)at org.testng.SuiteRunner.run(SuiteRunner.java:364)at org.testng.SuiteRunnerWorker.runSuite(SuiteRunnerWorker.java:52)at org.testng.SuiteRunnerWorker.run(SuiteRunnerWorker.java:84)at org.testng.TestNG.runSuitesSequentially(TestNG.java:1187)at org.testng.TestNG.runSuitesLocally(TestNG.java:1116)at org.testng.TestNG.runSuites(TestNG.java:1028)at org.testng.TestNG.run(TestNG.java:996)at org.testng.remote.AbstractRemoteTestNG.run(AbstractRemoteTestNG.java:114)at org.testng.remote.RemoteTestNG.initAndRun(RemoteTestNG.java:251)at org.testng.remote.RemoteTestNG.main(RemoteTestNG.java:77)Caused by: org.openqa.selenium.WebDriverException: java.net.SocketException: Connection resetBuild info: version: '2.53.1', revision: 'a36b8b1cd5757287168e54b817830adce9b0158d', time: '2016-06-30 19:26:09'System info: host: 'LEN-INV402', ip: '172.30.30.117', os.name: 'Windows 10', os.arch: 'amd64', os.version: '10.0', java.version: '1.8.0_181'Driver info: driver.version: AppiumDriverat io.appium.java_client.remote.AppiumCommandExecutor.execute(AppiumCommandExecutor.java:84)at org.openqa.selenium.remote.RemoteWebDriver.execute(RemoteWebDriver.java:644)... 30 moreCaused by: java.net.SocketException: Connection resetat java.net.SocketInputStream.read(Unknown Source)at java.net.SocketInputStream.read(Unknown Source)at org.apache.http.impl.io.SessionInputBufferImpl.streamRead(SessionInputBufferImpl.java:139)at org.apache.http.impl.io.SessionInputBufferImpl.fillBuffer(SessionInputBufferImpl.java:155)at org.apache.http.impl.io.SessionInputBufferImpl.readLine(SessionInputBufferImpl.java:284)at org.apache.http.impl.conn.DefaultHttpResponseParser.parseHead(DefaultHttpResponseParser.java:140)at org.apache.http.impl.conn.DefaultHttpResponseParser.parseHead(DefaultHttpResponseParser.java:57)at org.apache.http.impl.io.AbstractMessageParser.parse(AbstractMessageParser.java:261)at org.apache.http.impl.DefaultBHttpClientConnection.receiveResponseHeader(DefaultBHttpClientConnection.java:165)at org.apache.http.impl.conn.CPoolProxy.receiveResponseHeader(CPoolProxy.java:167)at org.apache.http.protocol.HttpRequestExecutor.doReceiveResponse(HttpRequestExecutor.java:272)at org.apache.http.protocol.HttpRequestExecutor.execute(HttpRequestExecutor.java:124)at org.apache.http.impl.execchain.MainClientExec.execute(MainClientExec.java:271)at org.apache.http.impl.execchain.ProtocolExec.execute(ProtocolExec.java:184)at org.apache.http.impl.execchain.RetryExec.execute(RetryExec.java:88)at org.apache.http.impl.execchain.RedirectExec.execute(RedirectExec.java:110)at org.apache.http.impl.client.InternalHttpClient.doExecute(InternalHttpClient.java:184)at org.apache.http.impl.client.CloseableHttpClient.execute(CloseableHttpClient.java:71)at org.apache.http.impl.client.CloseableHttpClient.execute(CloseableHttpClient.java:55)at org.openqa.selenium.remote.internal.ApacheHttpClient.fallBackExecute(ApacheHttpClient.java:144)at org.openqa.selenium.remote.internal.ApacheHttpClient.execute(ApacheHttpClient.java:90)at org.openqa.selenium.remote.HttpCommandExecutor.execute(HttpCommandExecutor.java:142)at io.appium.java_client.remote.AppiumCommandExecutor.execute(AppiumCommandExecutor.java:69)... 31 more]]>
    </error>
  </testcase> <!-- launchApplication -->
  <testcase name="afterTest" time="1.014" classname="demo.loopDemo">
    <error type="org.openqa.selenium.remote.UnreachableBrowserException" message="Error communicating with the remote browser. It may have died.
Build info: version: &#039;2.53.1&#039;, revision: &#039;a36b8b1cd5757287168e54b817830adce9b0158d&#039;, time: &#039;2016-06-30 19:26:09&#039;
System info: host: &#039;LEN-INV402&#039;, ip: &#039;172.30.30.117&#039;, os.name: &#039;Windows 10&#039;, os.arch: &#039;amd64&#039;, os.version: &#039;10.0&#039;, java.version: &#039;1.8.0_181&#039;
Driver info: driver.version: RemoteWebDriver
Capabilities [{appPackage=com.optiva.horeca.develop, deviceScreenSize=1080x2160, networkConnectionEnabled=true, warnings={}, databaseEnabled=false, deviceName=3RP4C17C04000811, platform=LINUX, deviceUDID=3RP4C17C04000811, appActivity=com.apploading.horeca.screens.splash.SplashActivity, desired={appPackage=com.optiva.horeca.develop, appActivity=com.apploading.horeca.screens.splash.SplashActivity, platformVersion=7.0, autoGrantPermissions=true, udid=3RP4C17C04000811, platformName=Android, deviceName=Honor 7X}, platformVersion=7.0, webStorageEnabled=false, locationContextEnabled=false, takesScreenshot=true, autoGrantPermissions=true, javascriptEnabled=true, deviceModel=BND-L21, udid=3RP4C17C04000811, platformName=Android, deviceManufacturer=HUAWEI}]
Session ID: 35a48edb-79aa-4024-8a0d-d69e803188f7">
      <![CDATA[org.openqa.selenium.remote.UnreachableBrowserException: Error communicating with the remote browser. It may have died.Build info: version: '2.53.1', revision: 'a36b8b1cd5757287168e54b817830adce9b0158d', time: '2016-06-30 19:26:09'System info: host: 'LEN-INV402', ip: '172.30.30.117', os.name: 'Windows 10', os.arch: 'amd64', os.version: '10.0', java.version: '1.8.0_181'Driver info: driver.version: RemoteWebDriverCapabilities [{appPackage=com.optiva.horeca.develop, deviceScreenSize=1080x2160, networkConnectionEnabled=true, warnings={}, databaseEnabled=false, deviceName=3RP4C17C04000811, platform=LINUX, deviceUDID=3RP4C17C04000811, appActivity=com.apploading.horeca.screens.splash.SplashActivity, desired={appPackage=com.optiva.horeca.develop, appActivity=com.apploading.horeca.screens.splash.SplashActivity, platformVersion=7.0, autoGrantPermissions=true, udid=3RP4C17C04000811, platformName=Android, deviceName=Honor 7X}, platformVersion=7.0, webStorageEnabled=false, locationContextEnabled=false, takesScreenshot=true, autoGrantPermissions=true, javascriptEnabled=true, deviceModel=BND-L21, udid=3RP4C17C04000811, platformName=Android, deviceManufacturer=HUAWEI}]Session ID: 35a48edb-79aa-4024-8a0d-d69e803188f7at org.openqa.selenium.remote.RemoteWebDriver.execute(RemoteWebDriver.java:665)at io.appium.java_client.DefaultGenericMobileDriver.execute(DefaultGenericMobileDriver.java:40)at io.appium.java_client.AppiumDriver.execute(AppiumDriver.java:235)at org.openqa.selenium.remote.RemoteWebDriver.quit(RemoteWebDriver.java:526)at demo.loopDemo.afterTest(loopDemo.java:53)at sun.reflect.NativeMethodAccessorImpl.invoke0(Native Method)at sun.reflect.NativeMethodAccessorImpl.invoke(Unknown Source)at sun.reflect.DelegatingMethodAccessorImpl.invoke(Unknown Source)at java.lang.reflect.Method.invoke(Unknown Source)at org.testng.internal.MethodInvocationHelper.invokeMethod(MethodInvocationHelper.java:124)at org.testng.internal.MethodInvocationHelper.invokeMethodConsideringTimeout(MethodInvocationHelper.java:59)at org.testng.internal.Invoker.invokeConfigurationMethod(Invoker.java:451)at org.testng.internal.Invoker.invokeConfigurations(Invoker.java:222)at org.testng.internal.Invoker.invokeMethod(Invoker.java:634)at org.testng.internal.Invoker.invokeTestMethod(Invoker.java:707)at org.testng.internal.Invoker.invokeTestMethods(Invoker.java:979)at org.testng.internal.TestMethodWorker.invokeTestMethods(TestMethodWorker.java:125)at org.testng.internal.TestMethodWorker.run(TestMethodWorker.java:109)at org.testng.TestRunner.privateRun(TestRunner.java:648)at org.testng.TestRunner.run(TestRunner.java:505)at org.testng.SuiteRunner.runTest(SuiteRunner.java:455)at org.testng.SuiteRunner.runSequentially(SuiteRunner.java:450)at org.testng.SuiteRunner.privateRun(SuiteRunner.java:415)at org.testng.SuiteRunner.run(SuiteRunner.java:364)at org.testng.SuiteRunnerWorker.runSuite(SuiteRunnerWorker.java:52)at org.testng.SuiteRunnerWorker.run(SuiteRunnerWorker.java:84)at org.testng.TestNG.runSuitesSequentially(TestNG.java:1187)at org.testng.TestNG.runSuitesLocally(TestNG.java:1116)at org.testng.TestNG.runSuites(TestNG.java:1028)at org.testng.TestNG.run(TestNG.java:996)at org.testng.remote.AbstractRemoteTestNG.run(AbstractRemoteTestNG.java:114)at org.testng.remote.RemoteTestNG.initAndRun(RemoteTestNG.java:251)at org.testng.remote.RemoteTestNG.main(RemoteTestNG.java:77)Caused by: org.openqa.selenium.WebDriverException: org.apache.http.conn.HttpHostConnectException: Connect to 127.0.0.1:5000 [/127.0.0.1] failed: Connection refused: connectBuild info: version: '2.53.1', revision: 'a36b8b1cd5757287168e54b817830adce9b0158d', time: '2016-06-30 19:26:09'System info: host: 'LEN-INV402', ip: '172.30.30.117', os.name: 'Windows 10', os.arch: 'amd64', os.version: '10.0', java.version: '1.8.0_181'Driver info: driver.version: RemoteWebDriverat io.appium.java_client.remote.AppiumCommandExecutor.execute(AppiumCommandExecutor.java:84)at org.openqa.selenium.remote.RemoteWebDriver.execute(RemoteWebDriver.java:644)... 32 moreCaused by: org.apache.http.conn.HttpHostConnectException: Connect to 127.0.0.1:5000 [/127.0.0.1] failed: Connection refused: connectat org.apache.http.impl.conn.DefaultHttpClientConnectionOperator.connect(DefaultHttpClientConnectionOperator.java:158)at org.apache.http.impl.conn.PoolingHttpClientConnectionManager.connect(PoolingHttpClientConnectionManager.java:353)at org.apache.http.impl.execchain.MainClientExec.establishRoute(MainClientExec.java:380)at org.apache.http.impl.execchain.MainClientExec.execute(MainClientExec.java:236)at org.apache.http.impl.execchain.ProtocolExec.execute(ProtocolExec.java:184)at org.apache.http.impl.execchain.RetryExec.execute(RetryExec.java:88)at org.apache.http.impl.execchain.RedirectExec.execute(RedirectExec.java:110)at org.apache.http.impl.client.InternalHttpClient.doExecute(InternalHttpClient.java:184)at org.apache.http.impl.client.CloseableHttpClient.execute(CloseableHttpClient.java:71)at org.apache.http.impl.client.CloseableHttpClient.execute(CloseableHttpClient.java:55)at org.openqa.selenium.remote.internal.ApacheHttpClient.fallBackExecute(ApacheHttpClient.java:144)at org.openqa.selenium.remote.internal.ApacheHttpClient.execute(ApacheHttpClient.java:90)at org.openqa.selenium.remote.HttpCommandExecutor.execute(HttpCommandExecutor.java:142)at io.appium.java_client.remote.AppiumCommandExecutor.execute(AppiumCommandExecutor.java:69)... 33 moreCaused by: java.net.ConnectException: Connection refused: connectat java.net.DualStackPlainSocketImpl.waitForConnect(Native Method)at java.net.DualStackPlainSocketImpl.socketConnect(Unknown Source)at java.net.AbstractPlainSocketImpl.doConnect(Unknown Source)at java.net.AbstractPlainSocketImpl.connectToAddress(Unknown Source)at java.net.AbstractPlainSocketImpl.connect(Unknown Source)at java.net.PlainSocketImpl.connect(Unknown Source)at java.net.SocksSocketImpl.connect(Unknown Source)at java.net.Socket.connect(Unknown Source)at org.apache.http.conn.socket.PlainConnectionSocketFactory.connectSocket(PlainConnectionSocketFactory.java:74)at org.apache.http.impl.conn.DefaultHttpClientConnectionOperator.connect(DefaultHttpClientConnectionOperator.java:141)... 46 more]]>
    </error>
  </testcase> <!-- afterTest -->
</testsuite> <!-- demo.loopDemo -->
